Root ID: outbreakBB1
Root Score Vector: 281 281 281 280 281 281 281 281 281 280 281 281 281 281 281 281 281 281 281 281 281 281 281 281 281 281 281 281 281 281 281 281 281 281 281 281 281 281 281 281 281 281 281 281 281 280 281 281 281 281 281 281 281 281 281 281 281 281 281 281 281 281 281 281 281 281 281 281 281 281 281 281 
outbreakBB 3: 3.20879
outbreakBB 4: 3.01079
outbreakBB 2: 2.97004
outbreakBB 1: 2.61101
outbreakBB 7: 2.35221
outbreakBB 16: 1.73272
outbreakBB 13: 1.70699
outbreakBB 28: 1.55911
outbreakBB 6: 1.18464
outbreakBB 45: 1.12837
outbreakBB 8: 0.783754
outbreakBB 20: 0.682299
outbreakBB 25: 0.50523
outbreakBB 21: 0.476994
outbreakBB 5: 0.474971
outbreakBB 30: 0.46378
outbreakBB 107: 0.418007
outbreakBB 27: 0.41
outbreakBB 201: 0.388007
outbreakBB 124: 0.346382
outbreakBB 10: 0.34
outbreakBB 34: 0.34
outbreakBB 46: 0.319493
outbreakBB 31: 0.307878
outbreakBB 9: 0.3
outbreakBB 42: 0.289011
outbreakBB 89: 0.277582
outbreakBB 35: 0.27
outbreakBB 90: 0.263791
outbreakBB 92: 0.263791
outbreakBB 18: 0.25
outbreakBB 199: 0.247707
outbreakBB 41: 0.238483
outbreakBB 121: 0.22796
outbreakBB 142: 0.222653
outbreakBB 22: 0.218311
outbreakBB 202: 0.212653
outbreakBB 23: 0.21
outbreakBB 44: 0.204129
outbreakBB 283: 0.19312
outbreakBB 15: 0.17
outbreakBB 123: 0.12869
outbreakBB 105: 0.123615
outbreakBB 240: 0.118466
outbreakBB 52: 0.113615
outbreakBB 29: 0.09901
outbreakBB 122: 0.094097
outbreakBB 102: 0.077651
outbreakBB 12: 0.07
outbreakBB 86: 0.07
outbreakBB -1: 0
outbreakBB -1: 0
outbreakBB -1: 0
outbreakBB -1: 0
outbreakBB -1: 0
outbreakBB -1: 0
outbreakBB -1: 0
outbreakBB -1: 0
outbreakBB -1: 0
outbreakBB -1: 0
outbreakBB -1: 0
outbreakBB -1: 0
outbreakBB -1: 0
outbreakBB -1: 0
outbreakBB -1: 0
outbreakBB -1: 0
outbreakBB -1: 0
outbreakBB -1: 0
outbreakBB -1: 0
outbreakBB -1: 0
outbreakBB -1: 0
outbreakBB -1: 0
#Assignments: 1056964608

Changes: 
outbreakBB31 -> outbreakBB1 
outbreakBB31 -> outbreakBB41 
outbreakBB41 -> outbreakBB31 
outbreakBB31 -> outbreakBB41
outbreakBB31 -> outbreakBB1 
outbreakBB31 -> outbreakBB1 
outbreakBB31 -> outbreakBB1 
outbreakBB31 -> outbreakBB1 
outbreakBB1 -> outbreakBB31
outbreakBB1 -> outbreakBB31
outbreakBB1 -> outbreakBB41 
outbreakBB46 -> outbreakBB30
outbreakBB46 -> outbreakBB30
outbreakBB28 -> outbreakBB25 
outbreakBB28 -> outbreakBB23 
outbreakBB25 -> outbreakBB28
outbreakBB25 -> outbreakBB28 
outbreakBB25 -> outbreakBB28
outbreakBB25 -> outbreakBB28
outbreakBB25 -> outbreakBB28
outbreakBB28 -> outbreakBB25
outbreakBB28 -> outbreakBB23 
outbreakBB28 -> outbreakBB25
outbreakBB28 -> outbreakBB23 
outbreakBB28 -> outbreakBB30
outbreakBB28 -> outbreakBB25 
outbreakBB28 -> outbreakBB23 
outbreakBB28 -> outbreakBB30
outbreakBB30 -> outbreakBB23 
outbreakBB28 -> outbreakBB30
outbreakBB4 -> outbreakBB90
outbreakBB4 -> outbreakBB90
outbreakBB4 -> outbreakBB90 outbreakBB89
outbreakBB4 -> outbreakBB16 
outbreakBB4 -> outbreakBB90
outbreakBB4 -> outbreakBB92
outbreakBB4 -> outbreakBB89 
outbreakBB4 -> outbreakBB89
outbreakBB4 -> outbreakBB13 
outbreakBB4 -> outbreakBB90
outbreakBB4 -> outbreakBB13 outbreakBB92
outbreakBB4 -> outbreakBB92 
outbreakBB4 -> outbreakBB13 
outbreakBB4 -> outbreakBB6 
outbreakBB4 -> outbreakBB28 
outbreakBB4 -> outbreakBB13 
outbreakBB4 -> outbreakBB92 outbreakBB16
outbreakBB4 -> outbreakBB90 
outbreakBB4 -> outbreakBB16 
outbreakBB4 -> outbreakBB13
outbreakBB4 -> outbreakBB28 
outbreakBB4 -> outbreakBB92 
outbreakBB4 -> outbreakBB90 
outbreakBB4 -> outbreakBB28 
outbreakBB4 -> outbreakBB90
outbreakBB4 -> outbreakBB25
outbreakBB4 -> outbreakBB90
outbreakBB4 -> outbreakBB90 
outbreakBB4 -> outbreakBB92 
outbreakBB25 -> outbreakBB4
outbreakBB283 -> outbreakBB201 
outbreakBB4 -> outbreakBB107
outbreakBB3 -> outbreakBB4 outbreakBB283
outbreakBB283 -> outbreakBB3
outbreakBB283 -> outbreakBB201 
outbreakBB4 -> outbreakBB7 
outbreakBB283 -> outbreakBB4 
outbreakBB283 -> outbreakBB7 
outbreakBB4 -> outbreakBB7
outbreakBB240 -> outbreakBB107 
outbreakBB240 -> outbreakBB4 
outbreakBB240 -> outbreakBB4
outbreakBB240 -> outbreakBB107
outbreakBB240 -> outbreakBB4 
outbreakBB4 -> outbreakBB107 
outbreakBB105 -> outbreakBB52 
outbreakBB105 -> outbreakBB52
outbreakBB105 -> outbreakBB52 
outbreakBB52 -> outbreakBB105
outbreakBB105 -> outbreakBB52
outbreakBB2 -> outbreakBB1 
outbreakBB1 -> outbreakBB2
outbreakBB1 -> outbreakBB2 outbreakBB107
outbreakBB102 -> outbreakBB1 
outbreakBB102 -> outbreakBB4 
outbreakBB2 -> outbreakBB102
outbreakBB142 -> outbreakBB4 
outbreakBB3 -> outbreakBB142
outbreakBB2 -> outbreakBB3 
outbreakBB4 -> outbreakBB2
outbreakBB4 -> outbreakBB5
outbreakBB2 -> outbreakBB4
outbreakBB202 -> outbreakBB2
outbreakBB202 -> outbreakBB2
outbreakBB202 -> outbreakBB3
outbreakBB142 -> outbreakBB202 
outbreakBB142 -> outbreakBB5
outbreakBB142 -> outbreakBB4
outbreakBB2 -> outbreakBB142
outbreakBB142 -> outbreakBB2 
outbreakBB3 -> outbreakBB142 
outbreakBB2 -> outbreakBB3
outbreakBB2 -> outbreakBB142 
outbreakBB2 -> outbreakBB4
outbreakBB2 -> outbreakBB4
outbreakBB2 -> outbreakBB202
outbreakBB2 -> outbreakBB3 
outbreakBB4 -> outbreakBB5
outbreakBB2 -> outbreakBB4
outbreakBB2 -> outbreakBB1
outbreakBB1 -> outbreakBB107
outbreakBB2 -> outbreakBB1 
outbreakBB4 -> outbreakBB201
outbreakBB2 -> outbreakBB4
outbreakBB2 -> outbreakBB4 
outbreakBB1 -> outbreakBB5
outbreakBB107 -> outbreakBB5
outbreakBB4 -> outbreakBB5
outbreakBB107 -> outbreakBB4 
outbreakBB107 -> outbreakBB2 
outbreakBB107 -> outbreakBB5 
outbreakBB107 -> outbreakBB1 
outbreakBB2 -> outbreakBB107
outbreakBB2 -> outbreakBB201
outbreakBB2 -> outbreakBB105 
outbreakBB4 -> outbreakBB2
outbreakBB4 -> outbreakBB201
outbreakBB4 -> outbreakBB283 
outbreakBB4 -> outbreakBB240 
outbreakBB283 -> outbreakBB4
outbreakBB283 -> outbreakBB7 
outbreakBB283 -> outbreakBB3 
outbreakBB283 -> outbreakBB201
outbreakBB283 -> outbreakBB7
outbreakBB283 -> outbreakBB7
outbreakBB4 -> outbreakBB3 outbreakBB283
outbreakBB4 -> outbreakBB28
outbreakBB4 -> outbreakBB89
outbreakBB4 -> outbreakBB6 
outbreakBB25 -> outbreakBB4
outbreakBB25 -> outbreakBB28 
outbreakBB124 -> outbreakBB123
outbreakBB124 -> outbreakBB121 
outbreakBB122 -> outbreakBB124 
outbreakBB122 -> outbreakBB124
outbreakBB124 -> outbreakBB122 
outbreakBB124 -> outbreakBB121 
outbreakBB25 -> outbreakBB124
outbreakBB25 -> outbreakBB46 
outbreakBB25 -> outbreakBB45
outbreakBB41 -> outbreakBB29 outbreakBB25
outbreakBB41 -> outbreakBB29 outbreakBB41
outbreakBB1 -> outbreakBB41
outbreakBB44 -> outbreakBB42 
outbreakBB44 -> outbreakBB31 
outbreakBB86 -> outbreakBB199 
outbreakBB86 -> outbreakBB6
outbreakBB199 -> outbreakBB86
outbreakBB6 -> outbreakBB199 
outbreakBB45 -> outbreakBB8
outbreakBB8 -> outbreakBB45 
outbreakBB8 -> outbreakBB45
outbreakBB8 -> outbreakBB45 
outbreakBB8 -> outbreakBB45 
outbreakBB45 -> outbreakBB20 
outbreakBB45 -> outbreakBB8
outbreakBB45 -> outbreakBB8 
outbreakBB45 -> outbreakBB8
outbreakBB45 -> outbreakBB8
outbreakBB8 -> outbreakBB45
outbreakBB8 -> outbreakBB45 
outbreakBB8 -> outbreakBB45 
outbreakBB7 -> outbreakBB1
outbreakBB1 -> outbreakBB20
outbreakBB1 -> outbreakBB16
outbreakBB9 -> outbreakBB35 
outbreakBB9 -> outbreakBB28
outbreakBB28 -> outbreakBB10 
outbreakBB1 -> outbreakBB20 
outbreakBB1 -> outbreakBB18
outbreakBB1 -> outbreakBB27 
outbreakBB9 -> outbreakBB1 
outbreakBB9 -> outbreakBB28 
outbreakBB28 -> outbreakBB20 
outbreakBB28 -> outbreakBB10 
outbreakBB20 -> outbreakBB35 
outbreakBB34 -> outbreakBB21
outbreakBB34 -> outbreakBB21
outbreakBB34 -> outbreakBB27 
outbreakBB34 -> outbreakBB13 
outbreakBB28 -> outbreakBB10 outbreakBB34
outbreakBB28 -> outbreakBB16 outbreakBB9
outbreakBB28 -> outbreakBB20 
outbreakBB28 -> outbreakBB10 
outbreakBB28 -> outbreakBB1 
outbreakBB16 -> outbreakBB7
outbreakBB35 -> outbreakBB16
outbreakBB28 -> outbreakBB35
outbreakBB20 -> outbreakBB28
outbreakBB20 -> outbreakBB13 
outbreakBB20 -> outbreakBB15
outbreakBB28 -> outbreakBB35 outbreakBB18
outbreakBB20 -> outbreakBB28 
outbreakBB16 -> outbreakBB20 
outbreakBB28 -> outbreakBB16
outbreakBB7 -> outbreakBB28 
outbreakBB7 -> outbreakBB18
outbreakBB7 -> outbreakBB16 
outbreakBB9 -> outbreakBB7
outbreakBB9 -> outbreakBB20 
outbreakBB9 -> outbreakBB28 
outbreakBB2 -> outbreakBB21
outbreakBB2 -> outbreakBB22 
outbreakBB9 -> outbreakBB2
outbreakBB27 -> outbreakBB4
outbreakBB22 -> outbreakBB21 
outbreakBB22 -> outbreakBB21
outbreakBB22 -> outbreakBB2 
outbreakBB21 -> outbreakBB2 
outbreakBB21 -> outbreakBB22 
outbreakBB21 -> outbreakBB22 
outbreakBB2 -> outbreakBB8
outbreakBB2 -> outbreakBB8 
outbreakBB2 -> outbreakBB8 
outbreakBB2 -> outbreakBB8
outbreakBB2 -> outbreakBB4 
outbreakBB2 -> outbreakBB8
outbreakBB21 -> outbreakBB2
outbreakBB21 -> outbreakBB34
outbreakBB27 -> outbreakBB21
outbreakBB35 -> outbreakBB27 
outbreakBB9 -> outbreakBB35
outbreakBB9 -> outbreakBB15 
outbreakBB13 -> outbreakBB7
outbreakBB9 -> outbreakBB10
outbreakBB9 -> outbreakBB13 
outbreakBB35 -> outbreakBB18 
outbreakBB28 -> outbreakBB35
outbreakBB35 -> outbreakBB28
outbreakBB9 -> outbreakBB35
outbreakBB9 -> outbreakBB35
outbreakBB1 -> outbreakBB7
outbreakBB12 -> outbreakBB4
outbreakBB1 -> outbreakBB12
outbreakBB1 -> outbreakBB28 outbreakBB18
outbreakBB9 -> outbreakBB1
outbreakBB9 -> outbreakBB18 
outbreakBB1 -> outbreakBB9
outbreakBB7 -> outbreakBB1
outbreakBB8 -> outbreakBB3 
outbreakBB8 -> outbreakBB16
outbreakBB8 -> outbreakBB16 
outbreakBB8 -> outbreakBB16
outbreakBB4 -> outbreakBB8 
outbreakBB3 -> outbreakBB4
outbreakBB1 -> outbreakBB3
outbreakBB2 -> outbreakBB1 
outbreakBB3 -> outbreakBB2
outbreakBB3 -> outbreakBB7 
outbreakBB3 -> outbreakBB8 
outbreakBB45 -> outbreakBB3 
outbreakBB45 -> outbreakBB6 
outbreakBB45 -> outbreakBB44 
outbreakBB42 -> outbreakBB44
outbreakBB42 -> outbreakBB44
outbreakBB45 -> outbreakBB42
outbreakBB45 -> outbreakBB44
outbreakBB45 -> outbreakBB44 
outbreakBB45 -> outbreakBB41
outbreakBB45 -> outbreakBB42
outbreakBB1 -> outbreakBB45

outbreakBB41 source: 0.0110701 recieved: 0.0221402 total: 0.0332103
outbreakBB1 source: 0.0701107 recieved: 0.0590406 total: 0.129151
outbreakBB31 source: 0.0258303 recieved: 0.0147601 total: 0.0405904
outbreakBB29 source: 0 recieved: 0.00738007 total: 0.00738007
outbreakBB46 source: 0.00738007 recieved: 0.00369004 total: 0.0110701
outbreakBB30 source: 0.00369004 recieved: 0.0184502 total: 0.0221402
outbreakBB23 source: 0 recieved: 0.0184502 total: 0.0184502
outbreakBB25 source: 0.0405904 recieved: 0.0221402 total: 0.0627306
outbreakBB28 source: 0.0848708 recieved: 0.0664207 total: 0.151292
outbreakBB4 source: 0.173432 recieved: 0.0811808 total: 0.254613
outbreakBB90 source: 0 recieved: 0.0369004 total: 0.0369004
outbreakBB16 source: 0.00738007 recieved: 0.0405904 total: 0.0479705
outbreakBB13 source: 0.00369004 recieved: 0.0295203 total: 0.0332103
outbreakBB6 source: 0.00369004 recieved: 0.0147601 total: 0.0184502
outbreakBB89 source: 0 recieved: 0.0147601 total: 0.0147601
outbreakBB92 source: 0 recieved: 0.0221402 total: 0.0221402
outbreakBB3 source: 0.0258303 recieved: 0.0369004 total: 0.0627306
outbreakBB201 source: 0 recieved: 0.0221402 total: 0.0221402
outbreakBB283 source: 0.0405904 recieved: 0.0110701 total: 0.0516605
outbreakBB107 source: 0.0184502 recieved: 0.0258303 total: 0.0442804
outbreakBB7 source: 0.0184502 recieved: 0.0405904 total: 0.0590406
outbreakBB240 source: 0.0184502 recieved: 0.00369004 total: 0.0221402
outbreakBB52 source: 0.00369004 recieved: 0.0147601 total: 0.0184502
outbreakBB105 source: 0.0147601 recieved: 0.00738007 total: 0.0221402
outbreakBB2 source: 0.103321 recieved: 0.0479705 total: 0.151292
outbreakBB102 source: 0.00738007 recieved: 0.00369004 total: 0.0110701
outbreakBB142 source: 0.0184502 recieved: 0.0147601 total: 0.0332103
outbreakBB202 source: 0.0110701 recieved: 0.00738007 total: 0.0184502
outbreakBB5 source: 0 recieved: 0.0258303 total: 0.0258303
outbreakBB124 source: 0.0147601 recieved: 0.0110701 total: 0.0258303
outbreakBB123 source: 0 recieved: 0.00369004 total: 0.00369004
outbreakBB121 source: 0 recieved: 0.00738007 total: 0.00738007
outbreakBB122 source: 0.00738007 recieved: 0.00369004 total: 0.0110701
outbreakBB45 source: 0.0516605 recieved: 0.0332103 total: 0.0848708
outbreakBB44 source: 0.00738007 recieved: 0.0184502 total: 0.0258303
outbreakBB42 source: 0.00738007 recieved: 0.0110701 total: 0.0184502
outbreakBB199 source: 0.00369004 recieved: 0.00738007 total: 0.0110701
outbreakBB86 source: 0.00738007 recieved: 0.00369004 total: 0.0110701
outbreakBB8 source: 0.0405904 recieved: 0.0442804 total: 0.0848708
outbreakBB20 source: 0.0184502 recieved: 0.0258303 total: 0.0442804
outbreakBB35 source: 0.0147601 recieved: 0.0295203 total: 0.0442804
outbreakBB9 source: 0.0590406 recieved: 0.00738007 total: 0.0664207
outbreakBB18 source: 0 recieved: 0.0221402 total: 0.0221402
outbreakBB15 source: 0 recieved: 0.00738007 total: 0.00738007
outbreakBB10 source: 0 recieved: 0.0184502 total: 0.0184502
outbreakBB27 source: 0.00738007 recieved: 0.0110701 total: 0.0184502
outbreakBB34 source: 0.0147601 recieved: 0.00738007 total: 0.0221402
outbreakBB21 source: 0.0184502 recieved: 0.0221402 total: 0.0405904
outbreakBB22 source: 0.0110701 recieved: 0.0110701 total: 0.0221402
outbreakBB12 source: 0.00369004 recieved: 0.00369004 total: 0.00738007
outbreakBB-1 source: 0 recieved: 0 total: 0
outbreakBB-1 source: 0 recieved: 0 total: 0
outbreakBB-1 source: 0 recieved: 0 total: 0
outbreakBB-1 source: 0 recieved: 0 total: 0
outbreakBB-1 source: 0 recieved: 0 total: 0
outbreakBB-1 source: 0 recieved: 0 total: 0
outbreakBB-1 source: 0 recieved: 0 total: 0
outbreakBB-1 source: 0 recieved: 0 total: 0
outbreakBB-1 source: 0 recieved: 0 total: 0
outbreakBB-1 source: 0 recieved: 0 total: 0
outbreakBB-1 source: 0 recieved: 0 total: 0
outbreakBB-1 source: 0 recieved: 0 total: 0
outbreakBB-1 source: 0 recieved: 0 total: 0
outbreakBB-1 source: 0 recieved: 0 total: 0
outbreakBB-1 source: 0 recieved: 0 total: 0
outbreakBB-1 source: 0 recieved: 0 total: 0
outbreakBB-1 source: 0 recieved: 0 total: 0
outbreakBB-1 source: 0 recieved: 0 total: 0
outbreakBB-1 source: 0 recieved: 0 total: 0
outbreakBB-1 source: 0 recieved: 0 total: 0
outbreakBB-1 source: 0 recieved: 0 total: 0
outbreakBB-1 source: 0 recieved: 0 total: 0

Newick Format Tree: 
(((((outbreakBB41,outbreakBB41)outbreakBB41,(((outbreakBB1,(((outbreakBB1,(outbreakBB31,(outbreakBB1,(((outbreakBB1,outbreakBB31)outbreakBB31,outbreakBB31)outbreakBB31,((outbreakBB41,outbreakBB31)outbreakBB31,(((outbreakBB1,outbreakBB1)outbreakBB1,(outbreakBB31,(outbreakBB41,(outbreakBB31,outbreakBB41)outbreakBB41)outbreakBB41)outbreakBB31)outbreakBB31,((outbreakBB1,outbreakBB1)outbreakBB1,outbreakBB31)outbreakBB31)outbreakBB31)outbreakBB31)outbreakBB31)outbreakBB31)outbreakBB31)outbreakBB31,outbreakBB31)outbreakBB31,outbreakBB31)outbreakBB31)outbreakBB1,(outbreakBB1,outbreakBB31)outbreakBB1)outbreakBB1,outbreakBB1)outbreakBB1)outbreakBB1,outbreakBB1)outbreakBB1,(outbreakBB29,((((((outbreakBB29,(outbreakBB29,outbreakBB29)outbreakBB29)outbreakBB29,(outbreakBB29,outbreakBB29)outbreakBB29)outbreakBB29,(outbreakBB29,outbreakBB29)outbreakBB29)outbreakBB29,((outbreakBB29,outbreakBB29)outbreakBB29,(outbreakBB29,outbreakBB29)outbreakBB29)outbreakBB29)outbreakBB29,(outbreakBB29,outbreakBB29)outbreakBB29)outbreakBB29,((((outbreakBB46,(outbreakBB46,(outbreakBB46,(outbreakBB46,outbreakBB46)outbreakBB46)outbreakBB46)outbreakBB46)outbreakBB46,((((outbreakBB46,outbreakBB46)outbreakBB46,((((((((outbreakBB46,(outbreakBB46,outbreakBB46)outbreakBB46)outbreakBB46,(((((((outbreakBB46,outbreakBB46)outbreakBB46,outbreakBB46)outbreakBB46,((outbreakBB46,(((((outbreakBB46,outbreakBB46)outbreakBB46,outbreakBB46)outbreakBB46,outbreakBB46)outbreakBB46,outbreakBB46)outbreakBB46,(outbreakBB46,outbreakBB46)outbreakBB46)outbreakBB46)outbreakBB46,(outbreakBB46,(((outbreakBB46,((outbreakBB46,outbreakBB46)outbreakBB46,outbreakBB46)outbreakBB46)outbreakBB46,outbreakBB46)outbreakBB46,outbreakBB46)outbreakBB46)outbreakBB46)outbreakBB46)outbreakBB46,(outbreakBB46,(((((outbreakBB46,outbreakBB46)outbreakBB46,(outbreakBB46,outbreakBB46)outbreakBB46)outbreakBB46,(outbreakBB46,outbreakBB46)outbreakBB46)outbreakBB46,(outbreakBB46,outbreakBB46)outbreakBB46)outbreakBB46,(outbreakBB46,outbreakBB46)outbreakBB46)outbreakBB46)outbreakBB46)outbreakBB46,outbreakBB46)outbreakBB46,outbreakBB46)outbreakBB46,((outbreakBB46,outbreakBB46)outbreakBB46,outbreakBB46)outbreakBB46)outbreakBB46)outbreakBB46,outbreakBB46)outbreakBB46,outbreakBB46)outbreakBB46,outbreakBB46)outbreakBB46,outbreakBB46)outbreakBB46,(((((((outbreakBB30,((outbreakBB30,outbreakBB30)outbreakBB30,outbreakBB30)outbreakBB30)outbreakBB30,outbreakBB30)outbreakBB30,outbreakBB30)outbreakBB30,(((outbreakBB30,((outbreakBB30,outbreakBB30)outbreakBB30,outbreakBB30)outbreakBB30)outbreakBB30,outbreakBB30)outbreakBB30,outbreakBB30)outbreakBB30)outbreakBB30,outbreakBB30)outbreakBB30,outbreakBB30)outbreakBB30,(outbreakBB30,outbreakBB30)outbreakBB30)outbreakBB30)outbreakBB46,outbreakBB30)outbreakBB46)outbreakBB46,(((outbreakBB46,outbreakBB46)outbreakBB46,((outbreakBB46,outbreakBB46)outbreakBB46,outbreakBB46)outbreakBB46)outbreakBB46,outbreakBB46)outbreakBB46)outbreakBB46,(outbreakBB46,(outbreakBB46,outbreakBB46)outbreakBB46)outbreakBB46)outbreakBB46)outbreakBB46,(((((((((((outbreakBB23,(outbreakBB25,outbreakBB28)outbreakBB28)outbreakBB28,((outbreakBB28,(outbreakBB23,(((outbreakBB28,outbreakBB28)outbreakBB28,outbreakBB28)outbreakBB28,((outbreakBB28,((((outbreakBB25,outbreakBB25)outbreakBB25,((((outbreakBB25,outbreakBB28)outbreakBB25,(outbreakBB25,((outbreakBB28,outbreakBB28)outbreakBB28,outbreakBB25)outbreakBB25)outbreakBB25)outbreakBB25,outbreakBB25)outbreakBB25,(outbreakBB25,((outbreakBB25,outbreakBB28)outbreakBB25,(outbreakBB28,outbreakBB28)outbreakBB28)outbreakBB25)outbreakBB25)outbreakBB25)outbreakBB25,outbreakBB28)outbreakBB25,(outbreakBB25,outbreakBB25)outbreakBB25)outbreakBB25)outbreakBB28,outbreakBB28)outbreakBB28)outbreakBB28)outbreakBB28)outbreakBB28,outbreakBB28)outbreakBB28)outbreakBB28,((outbreakBB28,outbreakBB25)outbreakBB28,((((((outbreakBB28,(outbreakBB28,outbreakBB28)outbreakBB28)outbreakBB28,(((outbreakBB23,outbreakBB28)outbreakBB28,outbreakBB30)outbreakBB28,(outbreakBB25,outbreakBB28)outbreakBB28)outbreakBB28)outbreakBB28,outbreakBB28)outbreakBB28,(outbreakBB28,outbreakBB28)outbreakBB28)outbreakBB28,(outbreakBB28,((outbreakBB23,outbreakBB28)outbreakBB28,((outbreakBB28,outbreakBB28)outbreakBB28,outbreakBB28)outbreakBB28)outbreakBB28)outbreakBB28)outbreakBB28,outbreakBB28)outbreakBB28)outbreakBB28)outbreakBB28,outbreakBB30)outbreakBB28,outbreakBB28)outbreakBB28,outbreakBB28)outbreakBB28,outbreakBB28)outbreakBB28,((outbreakBB28,outbreakBB28)outbreakBB28,((outbreakBB28,outbreakBB28)outbreakBB28,(((outbreakBB23,outbreakBB30)outbreakBB30,outbreakBB30)outbreakBB30,outbreakBB30)outbreakBB30)outbreakBB28)outbreakBB28)outbreakBB28,(outbreakBB28,(outbreakBB28,outbreakBB28)outbreakBB28)outbreakBB28)outbreakBB28,((outbreakBB25,((outbreakBB25,(((((outbreakBB4,outbreakBB90)outbreakBB4,outbreakBB90)outbreakBB4,(((outbreakBB16,(outbreakBB16,(outbreakBB16,((outbreakBB16,outbreakBB16)outbreakBB16,outbreakBB16)outbreakBB16)outbreakBB16)outbreakBB16)outbreakBB16,((outbreakBB13,(outbreakBB28,(outbreakBB4,(outbreakBB6,((outbreakBB13,(((outbreakBB16,((outbreakBB90,outbreakBB89)outbreakBB4,outbreakBB4)outbreakBB4)outbreakBB4,outbreakBB4)outbreakBB4,((outbreakBB89,((outbreakBB4,outbreakBB90)outbreakBB4,(((outbreakBB4,outbreakBB4)outbreakBB4,outbreakBB4)outbreakBB4,outbreakBB92)outbreakBB4)outbreakBB4)outbreakBB4,(outbreakBB92,((((outbreakBB4,outbreakBB89)outbreakBB4,outbreakBB4)outbreakBB4,((outbreakBB13,outbreakBB4)outbreakBB4,outbreakBB4)outbreakBB4)outbreakBB4,((outbreakBB4,outbreakBB90)outbreakBB4,((outbreakBB13,outbreakBB92)outbreakBB4,outbreakBB4)outbreakBB4)outbreakBB4)outbreakBB4)outbreakBB4)outbreakBB4)outbreakBB4)outbreakBB4,outbreakBB4)outbreakBB4)outbreakBB4)outbreakBB4)outbreakBB4)outbreakBB4,(outbreakBB90,((outbreakBB92,outbreakBB16)outbreakBB4,outbreakBB4)outbreakBB4)outbreakBB4)outbreakBB4)outbreakBB4,((outbreakBB4,outbreakBB4)outbreakBB4,outbreakBB13)outbreakBB4)outbreakBB4)outbreakBB4,((((outbreakBB4,(outbreakBB90,(outbreakBB92,(outbreakBB28,(outbreakBB4,outbreakBB4)outbreakBB4)outbreakBB4)outbreakBB4)outbreakBB4)outbreakBB4,((outbreakBB28,outbreakBB4)outbreakBB4,((((outbreakBB4,outbreakBB4)outbreakBB4,outbreakBB90)outbreakBB4,(((outbreakBB4,outbreakBB4)outbreakBB4,outbreakBB4)outbreakBB4,outbreakBB4)outbreakBB4)outbreakBB4,((outbreakBB25,(outbreakBB25,(outbreakBB25,outbreakBB25)outbreakBB25)outbreakBB25)outbreakBB25,(outbreakBB25,outbreakBB25)outbreakBB25)outbreakBB25)outbreakBB4)outbreakBB4)outbreakBB4,outbreakBB90)outbreakBB4,(outbreakBB92,(outbreakBB90,outbreakBB4)outbreakBB4)outbreakBB4)outbreakBB4)outbreakBB4,outbreakBB4)outbreakBB4)outbreakBB25,((((outbreakBB3,(((((outbreakBB201,outbreakBB283)outbreakBB283,(((((outbreakBB4,outbreakBB107)outbreakBB4,outbreakBB283)outbreakBB3,outbreakBB3)outbreakBB3,outbreakBB3)outbreakBB3,(outbreakBB7,(((outbreakBB283,(outbreakBB201,((outbreakBB283,outbreakBB283)outbreakBB283,outbreakBB3)outbreakBB283)outbreakBB283)outbreakBB283,outbreakBB283)outbreakBB283,((outbreakBB7,((outbreakBB7,outbreakBB4)outbreakBB4,outbreakBB283)outbreakBB283)outbreakBB283,((outbreakBB4,outbreakBB7)outbreakBB4,(((((((outbreakBB107,(outbreakBB240,(outbreakBB240,outbreakBB240)outbreakBB240)outbreakBB240)outbreakBB240,((outbreakBB4,outbreakBB240)outbreakBB240,((((outbreakBB240,(outbreakBB240,outbreakBB240)outbreakBB240)outbreakBB240,outbreakBB240)outbreakBB240,outbreakBB240)outbreakBB240,outbreakBB4)outbreakBB240)outbreakBB240)outbreakBB240,(outbreakBB107,(outbreakBB107,((outbreakBB107,outbreakBB107)outbreakBB107,outbreakBB107)outbreakBB107)outbreakBB107)outbreakBB107)outbreakBB240,(outbreakBB4,outbreakBB240)outbreakBB240)outbreakBB240,outbreakBB240)outbreakBB240,((outbreakBB107,outbreakBB4)outbreakBB4,(outbreakBB4,(outbreakBB283,(((outbreakBB4,outbreakBB4)outbreakBB4,(outbreakBB4,(((((outbreakBB52,outbreakBB105)outbreakBB105,(outbreakBB105,(outbreakBB105,((outbreakBB52,(((outbreakBB105,outbreakBB105)outbreakBB105,outbreakBB52)outbreakBB105,((outbreakBB105,outbreakBB105)outbreakBB105,outbreakBB105)outbreakBB105)outbreakBB105)outbreakBB105,outbreakBB105)outbreakBB105)outbreakBB105)outbreakBB105)outbreakBB105,((outbreakBB52,outbreakBB105)outbreakBB52,outbreakBB52)outbreakBB52)outbreakBB105,(((outbreakBB1,outbreakBB2)outbreakBB2,(((((outbreakBB1,outbreakBB1)outbreakBB1,outbreakBB1)outbreakBB1,(((outbreakBB1,(outbreakBB1,(outbreakBB1,outbreakBB2)outbreakBB1)outbreakBB1)outbreakBB1,(outbreakBB2,outbreakBB107)outbreakBB1)outbreakBB1,(outbreakBB1,outbreakBB1)outbreakBB1)outbreakBB1)outbreakBB1,outbreakBB102)outbreakBB102,((outbreakBB102,(outbreakBB102,outbreakBB102)outbreakBB102)outbreakBB102,((outbreakBB102,(outbreakBB4,outbreakBB102)outbreakBB102)outbreakBB102,outbreakBB102)outbreakBB102)outbreakBB102)outbreakBB102)outbreakBB2,(((outbreakBB4,(((((outbreakBB2,(outbreakBB3,((((((outbreakBB142,(((outbreakBB2,((outbreakBB4,outbreakBB142)outbreakBB142,((((((((outbreakBB202,(outbreakBB202,(outbreakBB2,(((outbreakBB3,outbreakBB142)outbreakBB3,outbreakBB2)outbreakBB2,(outbreakBB2,((((outbreakBB4,outbreakBB4)outbreakBB4,outbreakBB2)outbreakBB4,outbreakBB5)outbreakBB4,outbreakBB4)outbreakBB4)outbreakBB2)outbreakBB2)outbreakBB2)outbreakBB202)outbreakBB202,outbreakBB2)outbreakBB202,outbreakBB202)outbreakBB202,outbreakBB3)outbreakBB202,outbreakBB202)outbreakBB202,outbreakBB142)outbreakBB142,(outbreakBB142,outbreakBB5)outbreakBB142)outbreakBB142,(outbreakBB4,outbreakBB4)outbreakBB4)outbreakBB142)outbreakBB142)outbreakBB2,outbreakBB2)outbreakBB2,(((outbreakBB2,outbreakBB142)outbreakBB142,outbreakBB142)outbreakBB142,outbreakBB3)outbreakBB3)outbreakBB2)outbreakBB2,outbreakBB2)outbreakBB2,outbreakBB4)outbreakBB2,outbreakBB2)outbreakBB2,outbreakBB4)outbreakBB2,outbreakBB202)outbreakBB2)outbreakBB2)outbreakBB2,(outbreakBB4,(((outbreakBB4,outbreakBB4)outbreakBB4,outbreakBB4)outbreakBB4,outbreakBB5)outbreakBB4)outbreakBB4)outbreakBB2,outbreakBB2)outbreakBB2,outbreakBB1)outbreakBB2,(((outbreakBB1,outbreakBB107)outbreakBB1,outbreakBB2)outbreakBB2,((outbreakBB4,outbreakBB4)outbreakBB4,outbreakBB201)outbreakBB4)outbreakBB2)outbreakBB2)outbreakBB2,(outbreakBB107,((outbreakBB1,outbreakBB5)outbreakBB1,((outbreakBB107,(outbreakBB5,(outbreakBB5,(outbreakBB5,outbreakBB5)outbreakBB5)outbreakBB5)outbreakBB5)outbreakBB107,((outbreakBB5,(outbreakBB2,((outbreakBB4,outbreakBB5)outbreakBB4,(outbreakBB107,outbreakBB107)outbreakBB107)outbreakBB107)outbreakBB107)outbreakBB107,outbreakBB107)outbreakBB107)outbreakBB107)outbreakBB107)outbreakBB107)outbreakBB2,outbreakBB201)outbreakBB2)outbreakBB2)outbreakBB2,outbreakBB2)outbreakBB2)outbreakBB4)outbreakBB4,outbreakBB201)outbreakBB4)outbreakBB4)outbreakBB4)outbreakBB4)outbreakBB4,outbreakBB4)outbreakBB4)outbreakBB4)outbreakBB283)outbreakBB283)outbreakBB283)outbreakBB283)outbreakBB283,outbreakBB283)outbreakBB283,(((outbreakBB283,outbreakBB283)outbreakBB283,outbreakBB201)outbreakBB283,((outbreakBB283,outbreakBB283)outbreakBB283,outbreakBB7)outbreakBB283)outbreakBB283)outbreakBB283,(outbreakBB7,outbreakBB7)outbreakBB7)outbreakBB283)outbreakBB4,outbreakBB28)outbreakBB4,outbreakBB4)outbreakBB4,(outbreakBB6,(outbreakBB4,outbreakBB89)outbreakBB4)outbreakBB4)outbreakBB4)outbreakBB25)outbreakBB25,((outbreakBB25,outbreakBB25)outbreakBB25,outbreakBB25)outbreakBB25)outbreakBB25)outbreakBB25,((((outbreakBB124,((((((outbreakBB123,outbreakBB123)outbreakBB123,outbreakBB123)outbreakBB123,(outbreakBB123,(((outbreakBB123,outbreakBB123)outbreakBB123,(outbreakBB123,outbreakBB123)outbreakBB123)outbreakBB123,(((outbreakBB123,outbreakBB123)outbreakBB123,outbreakBB123)outbreakBB123,(outbreakBB123,outbreakBB123)outbreakBB123)outbreakBB123)outbreakBB123)outbreakBB123)outbreakBB123,outbreakBB123)outbreakBB123,(((outbreakBB123,outbreakBB123)outbreakBB123,outbreakBB123)outbreakBB123,outbreakBB123)outbreakBB123)outbreakBB123,outbreakBB123)outbreakBB123)outbreakBB124,outbreakBB124)outbreakBB124,((outbreakBB124,(outbreakBB124,((outbreakBB124,outbreakBB124)outbreakBB124,(((outbreakBB124,((outbreakBB124,(outbreakBB124,outbreakBB124)outbreakBB124)outbreakBB124,outbreakBB124)outbreakBB124)outbreakBB124,outbreakBB124)outbreakBB124,outbreakBB124)outbreakBB124)outbreakBB124)outbreakBB124)outbreakBB124,((((((outbreakBB121,outbreakBB121)outbreakBB121,((outbreakBB121,((((outbreakBB121,(outbreakBB121,outbreakBB121)outbreakBB121)outbreakBB121,outbreakBB121)outbreakBB121,((outbreakBB121,outbreakBB121)outbreakBB121,((outbreakBB121,((outbreakBB121,outbreakBB121)outbreakBB121,(outbreakBB121,outbreakBB121)outbreakBB121)outbreakBB121)outbreakBB121,outbreakBB121)outbreakBB121)outbreakBB121)outbreakBB121,(outbreakBB121,outbreakBB121)outbreakBB121)outbreakBB121)outbreakBB121,(outbreakBB121,outbreakBB121)outbreakBB121)outbreakBB121)outbreakBB121,((outbreakBB122,(((outbreakBB122,(outbreakBB122,outbreakBB122)outbreakBB122)outbreakBB122,(((outbreakBB122,outbreakBB122)outbreakBB122,((((outbreakBB121,outbreakBB124)outbreakBB124,outbreakBB122)outbreakBB122,(outbreakBB122,outbreakBB122)outbreakBB122)outbreakBB122,(outbreakBB122,outbreakBB122)outbreakBB122)outbreakBB122)outbreakBB122,outbreakBB124)outbreakBB122)outbreakBB122,(outbreakBB122,outbreakBB122)outbreakBB122)outbreakBB122)outbreakBB122,(outbreakBB124,(outbreakBB124,outbreakBB124)outbreakBB124)outbreakBB124)outbreakBB124)outbreakBB124,outbreakBB124)outbreakBB124,outbreakBB124)outbreakBB124,(((outbreakBB124,outbreakBB124)outbreakBB124,(outbreakBB124,outbreakBB124)outbreakBB124)outbreakBB124,outbreakBB124)outbreakBB124)outbreakBB124)outbreakBB124)outbreakBB124,(outbreakBB124,(outbreakBB124,((outbreakBB124,(((outbreakBB124,outbreakBB124)outbreakBB124,outbreakBB124)outbreakBB124,outbreakBB124)outbreakBB124)outbreakBB124,(outbreakBB124,outbreakBB124)outbreakBB124)outbreakBB124)outbreakBB124)outbreakBB124)outbreakBB124)outbreakBB25)outbreakBB25,outbreakBB45)outbreakBB25)outbreakBB41)outbreakBB41)outbreakBB1,(((((outbreakBB44,((outbreakBB31,(outbreakBB44,((outbreakBB42,(outbreakBB42,(outbreakBB42,outbreakBB42)outbreakBB42)outbreakBB42)outbreakBB42,outbreakBB44)outbreakBB44)outbreakBB44)outbreakBB44,(outbreakBB44,outbreakBB44)outbreakBB44)outbreakBB44)outbreakBB44,(outbreakBB45,(outbreakBB45,(outbreakBB45,((((((outbreakBB45,(outbreakBB45,(outbreakBB45,(((outbreakBB45,(outbreakBB45,outbreakBB45)outbreakBB45)outbreakBB45,outbreakBB45)outbreakBB45,(((outbreakBB45,(outbreakBB45,(outbreakBB45,outbreakBB45)outbreakBB45)outbreakBB45)outbreakBB45,outbreakBB45)outbreakBB45,outbreakBB45)outbreakBB45)outbreakBB45)outbreakBB45)outbreakBB45)outbreakBB45,(((outbreakBB45,((outbreakBB45,outbreakBB45)outbreakBB45,(outbreakBB45,outbreakBB45)outbreakBB45)outbreakBB45)outbreakBB45,(outbreakBB45,((outbreakBB45,(outbreakBB45,((outbreakBB45,outbreakBB45)outbreakBB45,outbreakBB45)outbreakBB45)outbreakBB45)outbreakBB45,((outbreakBB45,outbreakBB45)outbreakBB45,((outbreakBB45,outbreakBB45)outbreakBB45,outbreakBB45)outbreakBB45)outbreakBB45)outbreakBB45)outbreakBB45)outbreakBB45,(((outbreakBB45,(outbreakBB45,(outbreakBB45,(outbreakBB45,outbreakBB45)outbreakBB45)outbreakBB45)outbreakBB45)outbreakBB45,(outbreakBB45,((((outbreakBB45,outbreakBB45)outbreakBB45,outbreakBB45)outbreakBB45,(((outbreakBB45,outbreakBB45)outbreakBB45,outbreakBB45)outbreakBB45,outbreakBB45)outbreakBB45)outbreakBB45,outbreakBB45)outbreakBB45)outbreakBB45)outbreakBB45,((((outbreakBB45,(outbreakBB45,(outbreakBB45,outbreakBB45)outbreakBB45)outbreakBB45)outbreakBB45,(outbreakBB45,(((outbreakBB45,outbreakBB45)outbreakBB45,((((outbreakBB45,outbreakBB45)outbreakBB45,((((outbreakBB45,outbreakBB45)outbreakBB45,outbreakBB45)outbreakBB45,outbreakBB45)outbreakBB45,(((outbreakBB45,outbreakBB45)outbreakBB45,(outbreakBB45,outbreakBB45)outbreakBB45)outbreakBB45,outbreakBB45)outbreakBB45)outbreakBB45)outbreakBB45,(outbreakBB45,(outbreakBB45,(outbreakBB45,(outbreakBB45,outbreakBB45)outbreakBB45)outbreakBB45)outbreakBB45)outbreakBB45)outbreakBB45,outbreakBB45)outbreakBB45)outbreakBB45,(outbreakBB45,(outbreakBB45,outbreakBB45)outbreakBB45)outbreakBB45)outbreakBB45)outbreakBB45)outbreakBB45,((outbreakBB45,(outbreakBB45,outbreakBB45)outbreakBB45)outbreakBB45,outbreakBB45)outbreakBB45)outbreakBB45,outbreakBB45)outbreakBB45)outbreakBB45)outbreakBB45)outbreakBB45,outbreakBB45)outbreakBB45,(outbreakBB45,(outbreakBB45,outbreakBB45)outbreakBB45)outbreakBB45)outbreakBB45,(((((outbreakBB6,outbreakBB6)outbreakBB6,(outbreakBB6,(outbreakBB6,((outbreakBB6,(outbreakBB6,(outbreakBB6,((outbreakBB6,outbreakBB6)outbreakBB6,((((((outbreakBB199,((outbreakBB199,(outbreakBB199,outbreakBB199)outbreakBB199)outbreakBB199,((((outbreakBB199,outbreakBB199)outbreakBB199,outbreakBB199)outbreakBB199,((((((outbreakBB86,outbreakBB86)outbreakBB86,(outbreakBB199,outbreakBB86)outbreakBB86)outbreakBB86,(outbreakBB86,outbreakBB86)outbreakBB86)outbreakBB86,outbreakBB6)outbreakBB86,outbreakBB86)outbreakBB86,outbreakBB86)outbreakBB86)outbreakBB199,(outbreakBB199,(outbreakBB199,(outbreakBB199,((outbreakBB199,outbreakBB199)outbreakBB199,outbreakBB199)outbreakBB199)outbreakBB199)outbreakBB199)outbreakBB199)outbreakBB199)outbreakBB199)outbreakBB199,outbreakBB199)outbreakBB199,outbreakBB199)outbreakBB199,outbreakBB199)outbreakBB199,((outbreakBB199,outbreakBB199)outbreakBB199,(outbreakBB199,((outbreakBB199,(outbreakBB199,(outbreakBB199,outbreakBB199)outbreakBB199)outbreakBB199)outbreakBB199,(outbreakBB199,outbreakBB199)outbreakBB199)outbreakBB199)outbreakBB199)outbreakBB199)outbreakBB199,outbreakBB6)outbreakBB6)outbreakBB6)outbreakBB6)outbreakBB6)outbreakBB6,(outbreakBB6,(outbreakBB6,outbreakBB6)outbreakBB6)outbreakBB6)outbreakBB6)outbreakBB6)outbreakBB6)outbreakBB6,(outbreakBB6,outbreakBB6)outbreakBB6)outbreakBB6,(outbreakBB45,(outbreakBB45,(((outbreakBB45,outbreakBB45)outbreakBB45,outbreakBB45)outbreakBB45,((outbreakBB45,((((outbreakBB45,outbreakBB45)outbreakBB45,outbreakBB45)outbreakBB45,(outbreakBB45,((outbreakBB45,outbreakBB45)outbreakBB45,((((((outbreakBB45,outbreakBB45)outbreakBB45,outbreakBB45)outbreakBB45,outbreakBB45)outbreakBB45,((outbreakBB45,(((((outbreakBB45,(((outbreakBB45,((((outbreakBB8,(((((outbreakBB45,(outbreakBB45,outbreakBB8)outbreakBB45)outbreakBB45,((((outbreakBB45,outbreakBB8)outbreakBB8,(outbreakBB8,(outbreakBB8,outbreakBB45)outbreakBB8)outbreakBB8)outbreakBB8,outbreakBB8)outbreakBB8,(outbreakBB45,outbreakBB8)outbreakBB8)outbreakBB8)outbreakBB8,outbreakBB8)outbreakBB8,(outbreakBB45,(outbreakBB8,((outbreakBB8,((outbreakBB45,(outbreakBB8,(((((outbreakBB20,((((((outbreakBB20,outbreakBB20)outbreakBB20,(((outbreakBB20,(outbreakBB20,outbreakBB20)outbreakBB20)outbreakBB20,outbreakBB20)outbreakBB20,outbreakBB20)outbreakBB20)outbreakBB20,outbreakBB20)outbreakBB20,(outbreakBB20,outbreakBB20)outbreakBB20)outbreakBB20,outbreakBB20)outbreakBB20,(((outbreakBB20,outbreakBB20)outbreakBB20,outbreakBB20)outbreakBB20,outbreakBB20)outbreakBB20)outbreakBB20)outbreakBB20,outbreakBB20)outbreakBB20,outbreakBB45)outbreakBB45,(outbreakBB45,outbreakBB8)outbreakBB45)outbreakBB45,(((outbreakBB45,(outbreakBB45,outbreakBB45)outbreakBB45)outbreakBB45,outbreakBB45)outbreakBB45,(outbreakBB45,(outbreakBB45,outbreakBB45)outbreakBB45)outbreakBB45)outbreakBB45)outbreakBB45)outbreakBB45)outbreakBB45,((outbreakBB45,(outbreakBB45,outbreakBB8)outbreakBB45)outbreakBB45,(outbreakBB8,outbreakBB8)outbreakBB8)outbreakBB45)outbreakBB45)outbreakBB8,outbreakBB8)outbreakBB8)outbreakBB8)outbreakBB8)outbreakBB8,(outbreakBB8,(outbreakBB8,(outbreakBB8,((outbreakBB8,outbreakBB8)outbreakBB8,(outbreakBB8,outbreakBB8)outbreakBB8)outbreakBB8)outbreakBB8)outbreakBB8)outbreakBB8)outbreakBB8)outbreakBB8,((outbreakBB45,(outbreakBB8,outbreakBB8)outbreakBB8)outbreakBB8,outbreakBB8)outbreakBB8)outbreakBB8,(((outbreakBB7,outbreakBB1)outbreakBB7,(outbreakBB7,(((outbreakBB1,outbreakBB20)outbreakBB1,outbreakBB16)outbreakBB1,(((outbreakBB35,outbreakBB9)outbreakBB9,outbreakBB28)outbreakBB9,(outbreakBB18,(((((outbreakBB15,((((outbreakBB10,outbreakBB28)outbreakBB28,(((outbreakBB27,((outbreakBB20,outbreakBB1)outbreakBB1,outbreakBB18)outbreakBB1)outbreakBB1,outbreakBB1)outbreakBB1,outbreakBB9)outbreakBB9)outbreakBB9,(((outbreakBB20,outbreakBB28)outbreakBB28,(outbreakBB10,outbreakBB28)outbreakBB28)outbreakBB28,((outbreakBB35,outbreakBB20)outbreakBB20,(outbreakBB9,(outbreakBB7,(outbreakBB16,(((((outbreakBB28,(((outbreakBB1,(outbreakBB10,(outbreakBB20,((outbreakBB28,(((outbreakBB10,(outbreakBB10,outbreakBB10)outbreakBB10)outbreakBB10,outbreakBB10)outbreakBB10,((outbreakBB27,(((outbreakBB34,(outbreakBB34,((outbreakBB34,outbreakBB21)outbreakBB34,outbreakBB21)outbreakBB34)outbreakBB34)outbreakBB34,outbreakBB34)outbreakBB34,(outbreakBB34,outbreakBB34)outbreakBB34)outbreakBB34)outbreakBB34,(outbreakBB34,((outbreakBB13,((outbreakBB13,outbreakBB13)outbreakBB13,((outbreakBB13,outbreakBB13)outbreakBB13,outbreakBB13)outbreakBB13)outbreakBB13)outbreakBB13,((outbreakBB34,outbreakBB34)outbreakBB34,outbreakBB34)outbreakBB34)outbreakBB34)outbreakBB34)outbreakBB34)outbreakBB28)outbreakBB28,((outbreakBB16,outbreakBB9)outbreakBB28,outbreakBB28)outbreakBB28)outbreakBB28)outbreakBB28)outbreakBB28)outbreakBB28,((outbreakBB35,(outbreakBB16,outbreakBB7)outbreakBB16)outbreakBB35,outbreakBB35)outbreakBB35)outbreakBB28,outbreakBB28)outbreakBB28)outbreakBB28,(outbreakBB16,((((outbreakBB13,(outbreakBB20,outbreakBB28)outbreakBB20)outbreakBB20,outbreakBB15)outbreakBB20,(((outbreakBB35,outbreakBB18)outbreakBB28,outbreakBB28)outbreakBB28,outbreakBB20)outbreakBB20)outbreakBB20,outbreakBB16)outbreakBB16)outbreakBB16)outbreakBB28,outbreakBB7)outbreakBB7,outbreakBB7)outbreakBB7,outbreakBB18)outbreakBB7)outbreakBB7)outbreakBB7)outbreakBB9)outbreakBB9)outbreakBB9)outbreakBB9,((outbreakBB9,(outbreakBB22,(((((outbreakBB2,outbreakBB2)outbreakBB2,(((outbreakBB2,(outbreakBB2,outbreakBB2)outbreakBB2)outbreakBB2,outbreakBB2)outbreakBB2,outbreakBB2)outbreakBB2)outbreakBB2,outbreakBB21)outbreakBB2,outbreakBB2)outbreakBB2,outbreakBB2)outbreakBB2)outbreakBB2)outbreakBB9,(((((((outbreakBB27,(outbreakBB27,outbreakBB27)outbreakBB27)outbreakBB27,outbreakBB27)outbreakBB27,((outbreakBB27,(((((outbreakBB27,outbreakBB27)outbreakBB27,outbreakBB27)outbreakBB27,((outbreakBB27,outbreakBB27)outbreakBB27,((((outbreakBB27,((outbreakBB27,outbreakBB27)outbreakBB27,outbreakBB27)outbreakBB27)outbreakBB27,outbreakBB27)outbreakBB27,outbreakBB27)outbreakBB27,(outbreakBB27,outbreakBB27)outbreakBB27)outbreakBB27)outbreakBB27)outbreakBB27,outbreakBB4)outbreakBB27,(outbreakBB27,outbreakBB27)outbreakBB27)outbreakBB27)outbreakBB27,outbreakBB27)outbreakBB27)outbreakBB27,outbreakBB27)outbreakBB27,(outbreakBB27,outbreakBB27)outbreakBB27)outbreakBB27,(((outbreakBB21,(((((outbreakBB21,outbreakBB21)outbreakBB21,((((((outbreakBB21,outbreakBB21)outbreakBB21,(outbreakBB22,(outbreakBB22,(outbreakBB22,outbreakBB22)outbreakBB22)outbreakBB22)outbreakBB22)outbreakBB22,((outbreakBB22,(outbreakBB21,outbreakBB21)outbreakBB21)outbreakBB22,outbreakBB22)outbreakBB22)outbreakBB22,outbreakBB22)outbreakBB22,(((outbreakBB22,(outbreakBB22,((outbreakBB2,outbreakBB2)outbreakBB2,outbreakBB22)outbreakBB22)outbreakBB22)outbreakBB22,outbreakBB22)outbreakBB22,outbreakBB22)outbreakBB22)outbreakBB22,(outbreakBB2,outbreakBB21)outbreakBB21)outbreakBB21)outbreakBB21,(outbreakBB21,(outbreakBB21,(((outbreakBB22,outbreakBB22)outbreakBB22,(outbreakBB22,outbreakBB22)outbreakBB22)outbreakBB22,outbreakBB21)outbreakBB21)outbreakBB21)outbreakBB21)outbreakBB21,outbreakBB21)outbreakBB21,outbreakBB21)outbreakBB21)outbreakBB21,(((((((outbreakBB4,(outbreakBB4,(outbreakBB4,outbreakBB4)outbreakBB4)outbreakBB4)outbreakBB4,(outbreakBB4,outbreakBB4)outbreakBB4)outbreakBB4,outbreakBB4)outbreakBB4,(outbreakBB4,(outbreakBB4,(outbreakBB4,((outbreakBB4,outbreakBB4)outbreakBB4,outbreakBB4)outbreakBB4)outbreakBB4)outbreakBB4)outbreakBB4)outbreakBB4,(outbreakBB4,outbreakBB4)outbreakBB4)outbreakBB4,((((outbreakBB2,(outbreakBB8,(((outbreakBB2,outbreakBB2)outbreakBB2,outbreakBB2)outbreakBB2,outbreakBB8)outbreakBB2)outbreakBB2)outbreakBB2,(outbreakBB2,(outbreakBB8,(outbreakBB2,outbreakBB2)outbreakBB2)outbreakBB2)outbreakBB2)outbreakBB2,outbreakBB8)outbreakBB2,outbreakBB2)outbreakBB2)outbreakBB2,outbreakBB8)outbreakBB2)outbreakBB21,(outbreakBB21,outbreakBB34)outbreakBB21)outbreakBB21)outbreakBB27,outbreakBB35)outbreakBB35)outbreakBB9)outbreakBB9)outbreakBB9,(((((outbreakBB13,outbreakBB13)outbreakBB13,outbreakBB13)outbreakBB13,outbreakBB7)outbreakBB13,(outbreakBB9,(outbreakBB10,((outbreakBB10,(outbreakBB10,(outbreakBB10,outbreakBB10)outbreakBB10)outbreakBB10)outbreakBB10,(outbreakBB10,outbreakBB10)outbreakBB10)outbreakBB10)outbreakBB10)outbreakBB9)outbreakBB9,((outbreakBB18,outbreakBB35)outbreakBB35,(outbreakBB28,(outbreakBB28,outbreakBB35)outbreakBB28)outbreakBB28)outbreakBB35)outbreakBB9)outbreakBB9,outbreakBB35)outbreakBB9,(((outbreakBB1,outbreakBB7)outbreakBB1,(outbreakBB12,(outbreakBB12,(((outbreakBB12,outbreakBB12)outbreakBB12,((outbreakBB12,outbreakBB4)outbreakBB12,outbreakBB12)outbreakBB12)outbreakBB12,outbreakBB12)outbreakBB12)outbreakBB12)outbreakBB12)outbreakBB1,((outbreakBB28,outbreakBB18)outbreakBB1,outbreakBB1)outbreakBB1)outbreakBB1)outbreakBB9,outbreakBB9)outbreakBB9)outbreakBB9)outbreakBB9)outbreakBB1)outbreakBB7)outbreakBB7,(((outbreakBB3,(outbreakBB3,((((outbreakBB3,outbreakBB3)outbreakBB3,outbreakBB3)outbreakBB3,((((((outbreakBB2,outbreakBB2)outbreakBB2,outbreakBB2)outbreakBB2,(((outbreakBB2,outbreakBB2)outbreakBB2,outbreakBB2)outbreakBB2,outbreakBB2)outbreakBB2)outbreakBB2,outbreakBB2)outbreakBB2,((((outbreakBB1,(((outbreakBB1,outbreakBB1)outbreakBB1,outbreakBB1)outbreakBB1,(outbreakBB1,outbreakBB1)outbreakBB1)outbreakBB1)outbreakBB1,(outbreakBB1,outbreakBB1)outbreakBB1)outbreakBB1,((outbreakBB3,(outbreakBB3,outbreakBB3)outbreakBB3)outbreakBB3,((outbreakBB3,outbreakBB3)outbreakBB3,(((outbreakBB4,((((outbreakBB4,outbreakBB4)outbreakBB4,outbreakBB4)outbreakBB4,((outbreakBB4,((((outbreakBB4,(outbreakBB4,outbreakBB4)outbreakBB4)outbreakBB4,outbreakBB4)outbreakBB4,outbreakBB4)outbreakBB4,outbreakBB4)outbreakBB4)outbreakBB4,outbreakBB4)outbreakBB4)outbreakBB4,outbreakBB4)outbreakBB4)outbreakBB4,((outbreakBB4,(outbreakBB4,(outbreakBB4,((outbreakBB4,outbreakBB4)outbreakBB4,outbreakBB4)outbreakBB4)outbreakBB4)outbreakBB4)outbreakBB4,((outbreakBB4,outbreakBB4)outbreakBB4,outbreakBB4)outbreakBB4)outbreakBB4)outbreakBB4,(((((outbreakBB8,((outbreakBB8,((((((outbreakBB8,outbreakBB8)outbreakBB8,((outbreakBB8,outbreakBB8)outbreakBB8,outbreakBB8)outbreakBB8)outbreakBB8,(((outbreakBB8,outbreakBB8)outbreakBB8,outbreakBB8)outbreakBB8,(outbreakBB8,((outbreakBB8,(outbreakBB8,((((outbreakBB3,outbreakBB3)outbreakBB3,((((((outbreakBB3,outbreakBB3)outbreakBB3,((((outbreakBB3,(outbreakBB3,outbreakBB3)outbreakBB3)outbreakBB3,((outbreakBB3,outbreakBB3)outbreakBB3,(((((outbreakBB3,outbreakBB3)outbreakBB3,outbreakBB3)outbreakBB3,outbreakBB3)outbreakBB3,outbreakBB3)outbreakBB3,outbreakBB3)outbreakBB3)outbreakBB3)outbreakBB3,outbreakBB3)outbreakBB3,((outbreakBB3,outbreakBB3)outbreakBB3,(outbreakBB3,((outbreakBB3,outbreakBB3)outbreakBB3,outbreakBB3)outbreakBB3)outbreakBB3)outbreakBB3)outbreakBB3)outbreakBB3,(((outbreakBB3,((outbreakBB3,outbreakBB3)outbreakBB3,outbreakBB3)outbreakBB3)outbreakBB3,((outbreakBB3,outbreakBB3)outbreakBB3,outbreakBB3)outbreakBB3)outbreakBB3,outbreakBB3)outbreakBB3)outbreakBB3,outbreakBB3)outbreakBB3,(((outbreakBB3,outbreakBB3)outbreakBB3,outbreakBB3)outbreakBB3,outbreakBB3)outbreakBB3)outbreakBB3,(outbreakBB3,(outbreakBB3,outbreakBB3)outbreakBB3)outbreakBB3)outbreakBB3)outbreakBB3,outbreakBB8)outbreakBB8,outbreakBB8)outbreakBB8)outbreakBB8)outbreakBB8,outbreakBB8)outbreakBB8)outbreakBB8)outbreakBB8)outbreakBB8,(((outbreakBB8,(((outbreakBB16,((outbreakBB16,outbreakBB16)outbreakBB16,(outbreakBB16,outbreakBB16)outbreakBB16)outbreakBB16)outbreakBB16,(outbreakBB16,outbreakBB16)outbreakBB16)outbreakBB16,(outbreakBB16,((outbreakBB16,outbreakBB16)outbreakBB16,(outbreakBB16,outbreakBB16)outbreakBB16)outbreakBB16)outbreakBB16)outbreakBB16)outbreakBB8,((outbreakBB16,outbreakBB16)outbreakBB16,outbreakBB8)outbreakBB8)outbreakBB8,outbreakBB8)outbreakBB8)outbreakBB8,outbreakBB8)outbreakBB8,(outbreakBB8,(outbreakBB8,(outbreakBB8,outbreakBB8)outbreakBB8)outbreakBB8)outbreakBB8)outbreakBB8)outbreakBB8,outbreakBB8)outbreakBB8)outbreakBB8,(outbreakBB8,outbreakBB8)outbreakBB8)outbreakBB8,(outbreakBB8,(outbreakBB8,outbreakBB16)outbreakBB8)outbreakBB8)outbreakBB8,((outbreakBB8,outbreakBB8)outbreakBB8,(outbreakBB8,outbreakBB8)outbreakBB8)outbreakBB8)outbreakBB8,outbreakBB4)outbreakBB4)outbreakBB4)outbreakBB3)outbreakBB3)outbreakBB1,outbreakBB2)outbreakBB2)outbreakBB2,outbreakBB2)outbreakBB2)outbreakBB3,(outbreakBB3,outbreakBB3)outbreakBB3)outbreakBB3)outbreakBB3)outbreakBB3,outbreakBB3)outbreakBB3,outbreakBB3)outbreakBB3)outbreakBB3)outbreakBB3,(outbreakBB45,outbreakBB45)outbreakBB45)outbreakBB45)outbreakBB45,((outbreakBB45,((outbreakBB45,(((outbreakBB45,outbreakBB45)outbreakBB45,outbreakBB45)outbreakBB45,outbreakBB45)outbreakBB45)outbreakBB45,(outbreakBB45,outbreakBB45)outbreakBB45)outbreakBB45)outbreakBB45,(outbreakBB45,(outbreakBB45,outbreakBB45)outbreakBB45)outbreakBB45)outbreakBB45)outbreakBB45,((outbreakBB45,outbreakBB45)outbreakBB45,outbreakBB45)outbreakBB45)outbreakBB45)outbreakBB45,outbreakBB45)outbreakBB45,outbreakBB45)outbreakBB45,(outbreakBB45,(outbreakBB45,outbreakBB45)outbreakBB45)outbreakBB45)outbreakBB45,((outbreakBB45,outbreakBB45)outbreakBB45,outbreakBB45)outbreakBB45)outbreakBB45)outbreakBB45,((outbreakBB45,outbreakBB45)outbreakBB45,((outbreakBB45,outbreakBB45)outbreakBB45,(outbreakBB45,outbreakBB45)outbreakBB45)outbreakBB45)outbreakBB45)outbreakBB45)outbreakBB45,(outbreakBB45,outbreakBB45)outbreakBB45)outbreakBB45,(outbreakBB45,outbreakBB45)outbreakBB45)outbreakBB45)outbreakBB45)outbreakBB45)outbreakBB45,outbreakBB45)outbreakBB45)outbreakBB45,(outbreakBB45,outbreakBB45)outbreakBB45)outbreakBB45)outbreakBB45)outbreakBB45)outbreakBB45)outbreakBB45,outbreakBB45)outbreakBB45)outbreakBB45,((outbreakBB45,outbreakBB45)outbreakBB45,outbreakBB45)outbreakBB45)outbreakBB45)outbreakBB45)outbreakBB45)outbreakBB45)outbreakBB45,((outbreakBB44,outbreakBB44)outbreakBB44,(outbreakBB45,((outbreakBB45,((((outbreakBB42,((outbreakBB42,(outbreakBB44,outbreakBB44)outbreakBB44)outbreakBB42,((outbreakBB42,outbreakBB44)outbreakBB42,outbreakBB42)outbreakBB42)outbreakBB42)outbreakBB42,(outbreakBB42,((((((outbreakBB42,outbreakBB42)outbreakBB42,outbreakBB42)outbreakBB42,(outbreakBB42,outbreakBB42)outbreakBB42)outbreakBB42,outbreakBB42)outbreakBB42,outbreakBB42)outbreakBB42,((outbreakBB42,outbreakBB42)outbreakBB42,(outbreakBB42,outbreakBB42)outbreakBB42)outbreakBB42)outbreakBB42)outbreakBB42)outbreakBB42,(outbreakBB42,((outbreakBB42,(((((((outbreakBB42,outbreakBB42)outbreakBB42,outbreakBB42)outbreakBB42,((outbreakBB42,(outbreakBB42,outbreakBB42)outbreakBB42)outbreakBB42,(outbreakBB42,outbreakBB42)outbreakBB42)outbreakBB42)outbreakBB42,(((outbreakBB42,outbreakBB42)outbreakBB42,outbreakBB42)outbreakBB42,outbreakBB42)outbreakBB42)outbreakBB42,outbreakBB42)outbreakBB42,outbreakBB42)outbreakBB42,outbreakBB42)outbreakBB42)outbreakBB42,outbreakBB42)outbreakBB42)outbreakBB42)outbreakBB42,outbreakBB42)outbreakBB42)outbreakBB45,outbreakBB44)outbreakBB45)outbreakBB45)outbreakBB45)outbreakBB45,outbreakBB45)outbreakBB45,((outbreakBB45,outbreakBB41)outbreakBB45,(outbreakBB45,outbreakBB42)outbreakBB45)outbreakBB45)outbreakBB45)outbreakBB1;
